2018-04-12 00:39:56.597 [main] INFO  c.t.felix.services.eureka.sor.SorApplicationTests - Starting SorApplicationTests on CNybzhou.local with PID 72986 (started by ybzhou in /Users/ybzhou/ThoughtWorks/Training/gaint-training/services-eureka/sor)
2018-04-12 00:39:56.598 [main] INFO  c.t.felix.services.eureka.sor.SorApplicationTests - The following profiles are active: dev
2018-04-12 00:39:56.890 [main] INFO  o.s.w.context.support.GenericWebApplicationContext - Refreshing org.springframework.web.context.support.GenericWebApplicationContext@6ebd78d1: startup date [Thu Apr 12 00:39:56 CST 2018]; root of context hierarchy
2018-04-12 00:39:58.148 [main] INFO  o.s.c.s.PostProcessorRegistrationDelegate$BeanPostProcessorChecker - Bean 'org.springframework.transaction.annotation.ProxyTransactionManagementConfiguration' of type [org.springframework.transaction.annotation.ProxyTransactionManagementConfiguration$$EnhancerBySpringCGLIB$$b8413cc0] is not eligible for getting processed by all BeanPostProcessors (for example: not eligible for auto-proxying)
2018-04-12 00:39:58.392 [main] INFO  org.flywaydb.core.internal.util.VersionPrinter - Flyway Community Edition 5.0.3 by Boxfuse
2018-04-12 00:39:58.700 [main] INFO  o.flywaydb.core.internal.database.DatabaseFactory - Database: jdbc:mysql://localhost:3307/sor (MySQL 5.7)
2018-04-12 00:39:58.705 [main] DEBUG org.flywaydb.core.Flyway - DDL Transactions Supported: false
2018-04-12 00:39:58.706 [main] DEBUG org.flywaydb.core.Flyway - Schema: sor
2018-04-12 00:39:58.712 [main] DEBUG org.flywaydb.core.internal.util.FeatureDetector - Spring Jdbc available: true
2018-04-12 00:39:58.713 [main] DEBUG o.f.core.internal.callback.SqlScriptFlywayCallback - Scanning for SQL callbacks ...
2018-04-12 00:39:58.713 [main] DEBUG o.f.c.i.util.scanner.classpath.ClassPathScanner - Scanning for classpath resources at 'classpath:db/migration' (Prefix: '', Suffixes: '.sql')
2018-04-12 00:39:58.714 [main] DEBUG o.f.c.i.util.scanner.classpath.ClassPathScanner - Determining location urls for classpath:db/migration using ClassLoader jdk.internal.loader.ClassLoaders$AppClassLoader@4f8e5cde ...
2018-04-12 00:39:58.714 [main] DEBUG o.f.c.i.util.scanner.classpath.ClassPathScanner - Scanning URL: file:/Users/ybzhou/ThoughtWorks/Training/gaint-training/services-eureka/sor/target/classes/db/migration
2018-04-12 00:39:58.715 [main] DEBUG org.flywaydb.core.internal.util.FeatureDetector - JBoss VFS v2 available: false
2018-04-12 00:39:58.716 [main] DEBUG o.f.c.i.u.s.c.FileSystemClassPathLocationScanner - Scanning starting at classpath root in filesystem: /Users/ybzhou/ThoughtWorks/Training/gaint-training/services-eureka/sor/target/classes/
2018-04-12 00:39:58.716 [main] DEBUG o.f.c.i.u.s.c.FileSystemClassPathLocationScanner - Scanning for resources in path: /Users/ybzhou/ThoughtWorks/Training/gaint-training/services-eureka/sor/target/classes/db/migration (db/migration)
2018-04-12 00:39:58.716 [main] DEBUG o.f.c.i.util.scanner.classpath.ClassPathScanner - Found resource: db/migration/V1__create_images_table.sql
2018-04-12 00:39:58.744 [main] DEBUG org.flywaydb.core.internal.command.DbValidate - Validating migrations ...
2018-04-12 00:39:58.748 [main] DEBUG o.f.c.i.util.scanner.classpath.ClassPathScanner - Scanning for classpath resources at 'classpath:db/migration' (Prefix: 'V', Suffixes: '.sql')
2018-04-12 00:39:58.748 [main] DEBUG o.f.c.i.util.scanner.classpath.ClassPathScanner - Scanning URL: file:/Users/ybzhou/ThoughtWorks/Training/gaint-training/services-eureka/sor/target/classes/db/migration
2018-04-12 00:39:58.749 [main] DEBUG org.flywaydb.core.internal.util.FeatureDetector - JBoss VFS v2 available: false
2018-04-12 00:39:58.749 [main] DEBUG o.f.c.i.util.scanner.classpath.ClassPathScanner - Found resource: db/migration/V1__create_images_table.sql
2018-04-12 00:39:58.752 [main] DEBUG o.f.c.i.util.scanner.classpath.ClassPathScanner - Scanning for classpath resources at 'classpath:db/migration' (Prefix: 'R', Suffixes: '.sql')
2018-04-12 00:39:58.752 [main] DEBUG o.f.c.i.util.scanner.classpath.ClassPathScanner - Scanning URL: file:/Users/ybzhou/ThoughtWorks/Training/gaint-training/services-eureka/sor/target/classes/db/migration
2018-04-12 00:39:58.753 [main] DEBUG org.flywaydb.core.internal.util.FeatureDetector - JBoss VFS v2 available: false
2018-04-12 00:39:58.753 [main] DEBUG o.f.c.i.util.scanner.classpath.ClassPathScanner - Filtering out resource: db/migration/V1__create_images_table.sql (filename: V1__create_images_table.sql)
2018-04-12 00:39:58.754 [main] DEBUG o.f.c.i.util.scanner.classpath.ClassPathScanner - Scanning for classes at 'classpath:db/migration' (Implementing: 'org.flywaydb.core.api.migration.jdbc.JdbcMigration')
2018-04-12 00:39:58.754 [main] DEBUG o.f.c.i.util.scanner.classpath.ClassPathScanner - Scanning URL: file:/Users/ybzhou/ThoughtWorks/Training/gaint-training/services-eureka/sor/target/classes/db/migration
2018-04-12 00:39:58.754 [main] DEBUG org.flywaydb.core.internal.util.FeatureDetector - JBoss VFS v2 available: false
2018-04-12 00:39:58.754 [main] DEBUG o.f.c.i.util.scanner.classpath.ClassPathScanner - Filtering out resource: db/migration/V1__create_images_table.sql (filename: V1__create_images_table.sql)
2018-04-12 00:39:58.755 [main] DEBUG o.f.c.i.util.scanner.classpath.ClassPathScanner - Scanning for classes at 'classpath:db/migration' (Implementing: 'org.flywaydb.core.api.migration.spring.SpringJdbcMigration')
2018-04-12 00:39:58.755 [main] DEBUG o.f.c.i.util.scanner.classpath.ClassPathScanner - Scanning URL: file:/Users/ybzhou/ThoughtWorks/Training/gaint-training/services-eureka/sor/target/classes/db/migration
2018-04-12 00:39:58.755 [main] DEBUG org.flywaydb.core.internal.util.FeatureDetector - JBoss VFS v2 available: false
2018-04-12 00:39:58.756 [main] DEBUG o.f.c.i.util.scanner.classpath.ClassPathScanner - Filtering out resource: db/migration/V1__create_images_table.sql (filename: V1__create_images_table.sql)
2018-04-12 00:39:58.776 [main] INFO  org.flywaydb.core.internal.command.DbValidate - Successfully validated 1 migration (execution time 00:00.030s)
2018-04-12 00:39:58.784 [main] DEBUG org.flywaydb.core.internal.command.DbSchemas - Schema `sor` already exists. Skipping schema creation.
2018-04-12 00:39:58.813 [main] INFO  org.flywaydb.core.internal.command.DbMigrate - Current version of schema `sor`: 1
2018-04-12 00:39:58.814 [main] INFO  org.flywaydb.core.internal.command.DbMigrate - Schema `sor` is up to date. No migration necessary.
2018-04-12 00:39:58.915 [main] INFO  com.zaxxer.hikari.HikariDataSource - HikariPool-1 - Starting...
2018-04-12 00:39:58.967 [main] INFO  com.zaxxer.hikari.HikariDataSource - HikariPool-1 - Start completed.
2018-04-12 00:39:59.024 [main] INFO  o.s.orm.jpa.LocalContainerEntityManagerFactoryBean - Building JPA container EntityManagerFactory for persistence unit 'default'
2018-04-12 00:39:59.044 [main] INFO  org.hibernate.jpa.internal.util.LogHelper - HHH000204: Processing PersistenceUnitInfo [
	name: default
	...]
2018-04-12 00:39:59.136 [main] INFO  org.hibernate.Version - HHH000412: Hibernate Core {5.2.16.Final}
2018-04-12 00:39:59.138 [main] INFO  org.hibernate.cfg.Environment - HHH000206: hibernate.properties not found
2018-04-12 00:39:59.190 [main] INFO  org.hibernate.annotations.common.Version - HCANN000001: Hibernate Commons Annotations {5.0.1.Final}
2018-04-12 00:39:59.340 [main] INFO  org.hibernate.dialect.Dialect - HHH000400: Using dialect: org.hibernate.dialect.MySQLDialect
2018-04-12 00:39:59.825 [main] INFO  o.s.orm.jpa.LocalContainerEntityManagerFactoryBean - Initialized JPA EntityManagerFactory for persistence unit 'default'
2018-04-12 00:40:00.398 [main] INFO  o.s.web.servlet.handler.SimpleUrlHandlerMapping - Mapped URL path [/**/favicon.ico] onto handler of type [class org.springframework.web.servlet.resource.ResourceHttpRequestHandler]
2018-04-12 00:40:00.789 [main] INFO  o.s.w.s.m.m.a.RequestMappingHandlerAdapter - Looking for @ControllerAdvice: org.springframework.web.context.support.GenericWebApplicationContext@6ebd78d1: startup date [Thu Apr 12 00:39:56 CST 2018]; root of context hierarchy
2018-04-12 00:40:00.866 [main] INFO  o.s.w.s.m.m.a.RequestMappingHandlerMapping - Mapped "{[/images/{id}],methods=[GET]}" onto public org.springframework.http.ResponseEntity<com.thouthworks.felix.services.eureka.sor.domain.Image> com.thouthworks.felix.services.eureka.sor.rest.ImagesApi.showImage(java.lang.Long)
2018-04-12 00:40:00.867 [main] INFO  o.s.w.s.m.m.a.RequestMappingHandlerMapping - Mapped "{[/images],methods=[GET]}" onto public org.springframework.http.ResponseEntity<java.util.List<com.thouthworks.felix.services.eureka.sor.domain.Image>> com.thouthworks.felix.services.eureka.sor.rest.ImagesApi.listImages()
2018-04-12 00:40:00.867 [main] INFO  o.s.w.s.m.m.a.RequestMappingHandlerMapping - Mapped "{[/images],methods=[POST]}" onto public org.springframework.http.ResponseEntity com.thouthworks.felix.services.eureka.sor.rest.ImagesApi.createImage(java.lang.String)
2018-04-12 00:40:00.871 [main] INFO  o.s.w.s.m.m.a.RequestMappingHandlerMapping - Mapped "{[/error],produces=[text/html]}" onto public org.springframework.web.servlet.ModelAndView org.springframework.boot.autoconfigure.web.servlet.error.BasicErrorController.errorHtml(javax.servlet.http.HttpServletRequest,javax.servlet.http.HttpServletResponse)
2018-04-12 00:40:00.872 [main] INFO  o.s.w.s.m.m.a.RequestMappingHandlerMapping - Mapped "{[/error]}" onto public org.springframework.http.ResponseEntity<java.util.Map<java.lang.String, java.lang.Object>> org.springframework.boot.autoconfigure.web.servlet.error.BasicErrorController.error(javax.servlet.http.HttpServletRequest)
2018-04-12 00:40:00.910 [main] INFO  o.s.web.servlet.handler.SimpleUrlHandlerMapping - Mapped URL path [/webjars/**] onto handler of type [class org.springframework.web.servlet.resource.ResourceHttpRequestHandler]
2018-04-12 00:40:00.910 [main] INFO  o.s.web.servlet.handler.SimpleUrlHandlerMapping - Mapped URL path [/**] onto handler of type [class org.springframework.web.servlet.resource.ResourceHttpRequestHandler]
2018-04-12 00:40:00.926 [main] INFO  o.s.w.s.m.m.a.ExceptionHandlerExceptionResolver - Detected @ExceptionHandler methods in exceptionHandlers
2018-04-12 00:40:01.200 [main] INFO  c.t.felix.services.eureka.sor.SorApplicationTests - Started SorApplicationTests in 5.287 seconds (JVM running for 6.338)
2018-04-12 00:40:01.354 [Thread-1] INFO  o.s.w.context.support.GenericWebApplicationContext - Closing org.springframework.web.context.support.GenericWebApplicationContext@6ebd78d1: startup date [Thu Apr 12 00:39:56 CST 2018]; root of context hierarchy
2018-04-12 00:40:01.363 [Thread-1] INFO  o.s.orm.jpa.LocalContainerEntityManagerFactoryBean - Closing JPA EntityManagerFactory for persistence unit 'default'
2018-04-12 00:40:01.367 [Thread-1] INFO  com.zaxxer.hikari.HikariDataSource - HikariPool-1 - Shutdown initiated...
2018-04-12 00:40:01.381 [Thread-1] INFO  com.zaxxer.hikari.HikariDataSource - HikariPool-1 - Shutdown completed.
